<?xml version="1.0" encoding="UTF-8"?>
<Site BuildName="(empty)"
	BuildStamp="20200608-1508-Experimental"
	Name="(empty)"
	Generator="ctest-3.13.2"
	CompilerName=""
	CompilerVersion=""
	OSName="Linux"
	Hostname="vx6"
	OSRelease="4.19.0-0.bpo.6-amd64"
	OSVersion="#1 SMP Debian 4.19.67-2+deb10u2~bpo9+1 (2019-11-12)"
	OSPlatform="x86_64"
	Is64Bits="1"
	VendorString="GenuineIntel"
	VendorID="Intel Corporation"
	FamilyID="6"
	ModelID="85"
	ProcessorCacheSize="22528"
	NumberOfLogicalCPU="64"
	NumberOfPhysicalCPU="32"
	TotalVirtualMemory="0"
	TotalPhysicalMemory="385597"
	LogicalProcessorsPerPhysical="2"
	ProcessorClockFrequency="1000.08"
	>
	<Testing>
		<StartDateTime>Jun 09 01:09 AEST</StartDateTime>
		<StartTestTime>1591628946</StartTestTime>
		<TestList/>
		<EndDateTime>Jun 09 01:09 AEST</EndDateTime>
		<EndTestTime>1591628946</EndTestTime>
		<ElapsedMinutes>0</ElapsedMinutes>
	</Testing>
</Site>
